Using pre-set license
Built from '2020.3/release' branch; Version is '2020.3.15f2 (6cf78cb77498) revision 7141260'; Using compiler version '192528614'; Build Type 'Release'
OS: 'Windows 10 Education; OS build 18363.1734; Version 1909; 64bit' Language: 'ko' Physical Memory: 16324 MB
BatchMode: 1, IsHumanControllingUs: 0, StartBugReporterOnCrash: 0, Is64bit: 1, IsPro: 0

 COMMAND LINE ARGUMENTS:
D:\Program Files\Unity\Hub\Editor\2020.3.15f2\Editor\Unity.exe
-adb2
-batchMode
-noUpm
-name
AssetImportWorker0
-projectPath
C:/Users/OURHOME/Documents/Unity_Projects/Week5/AppleCatch
-logFile
Logs/AssetImportWorker0.log
-srvPort
54875
Successfully changed project path to: C:/Users/OURHOME/Documents/Unity_Projects/Week5/AppleCatch
C:/Users/OURHOME/Documents/Unity_Projects/Week5/AppleCatch
Using Asset Import Pipeline V2.
Refreshing native plugins compatible for Editor in 30.21 ms, found 2 plugins.
Preloading 0 native plugins for Editor in 0.00 ms.
Initialize engine version: 2020.3.15f2 (6cf78cb77498)
[Subsystems] Discovering subsystems at path D:/Program Files/Unity/Hub/Editor/2020.3.15f2/Editor/Data/Resources/UnitySubsystems
[Subsystems] Discovering subsystems at path C:/Users/OURHOME/Documents/Unity_Projects/Week5/AppleCatch/Assets
GfxDevice: creating device client; threaded=0
Direct3D:
    Version:  Direct3D 11.0 [level 11.1]
    Renderer: NVIDIA GeForce GTX 1660 (ID=0x2184)
    Vendor:   
    VRAM:     5991 MB
    Driver:   30.0.14.7168
Initialize mono
Mono path[0] = 'D:/Program Files/Unity/Hub/Editor/2020.3.15f2/Editor/Data/Managed'
Mono path[1] = 'D:/Program Files/Unity/Hub/Editor/2020.3.15f2/Editor/Data/MonoBleedingEdge/lib/mono/unityjit'
Mono config path = 'D:/Program Files/Unity/Hub/Editor/2020.3.15f2/Editor/Data/MonoBleedingEdge/etc'
Using monoOptions --debugger-agent=transport=dt_socket,embedding=1,server=y,suspend=n,address=127.0.0.1:56428
Begin MonoManager ReloadAssembly
Registering precompiled unity dll's ...
Register platform support module: D:/Program Files/Unity/Hub/Editor/2020.3.15f2/Editor/Data/PlaybackEngines/WindowsStandaloneSupport/UnityEditor.WindowsStandalone.Extensions.dll
Registered in 0.001290 seconds.
Native extension for WindowsStandalone target not found
Refreshing native plugins compatible for Editor in 27.74 ms, found 2 plugins.
Preloading 0 native plugins for Editor in 0.00 ms.
Mono: successfully reloaded assembly
- Completed reload, in  1.972 seconds
Domain Reload Profiling:
	ReloadAssembly (1972ms)
		BeginReloadAssembly (63ms)
			ExecutionOrderSort (0ms)
			DisableScriptedObjects (0ms)
			BackupInstance (0ms)
			ReleaseScriptingObjects (0ms)
			CreateAndSetChildDomain (1ms)
		EndReloadAssembly (419ms)
			LoadAssemblies (62ms)
			RebuildTransferFunctionScriptingTraits (0ms)
			SetupTypeCache (163ms)
			ReleaseScriptCaches (0ms)
			RebuildScriptCaches (31ms)
			SetupLoadedEditorAssemblies (153ms)
				LogAssemblyErrors (0ms)
				InitializePlatformSupportModulesInManaged (4ms)
				SetLoadedEditorAssemblies (0ms)
				RefreshPlugins (28ms)
				BeforeProcessingInitializeOnLoad (17ms)
				ProcessInitializeOnLoadAttributes (75ms)
				ProcessInitializeOnLoadMethodAttributes (28ms)
				AfterProcessingInitializeOnLoad (0ms)
				EditorAssembliesLoaded (0ms)
			ExecutionOrderSort2 (0ms)
			AwakeInstancesAfterBackupRestoration (0ms)
Platform modules already initialized, skipping
Registering precompiled user dll's ...
Registered in 0.038888 seconds.
Begin MonoManager ReloadAssembly
Native extension for WindowsStandalone target not found
Refreshing native plugins compatible for Editor in 0.27 ms, found 2 plugins.
Preloading 0 native plugins for Editor in 0.00 ms.
Mono: successfully reloaded assembly
- Completed reload, in  1.034 seconds
Domain Reload Profiling:
	ReloadAssembly (1035ms)
		BeginReloadAssembly (158ms)
			ExecutionOrderSort (0ms)
			DisableScriptedObjects (5ms)
			BackupInstance (0ms)
			ReleaseScriptingObjects (0ms)
			CreateAndSetChildDomain (18ms)
		EndReloadAssembly (823ms)
			LoadAssemblies (102ms)
			RebuildTransferFunctionScriptingTraits (0ms)
			SetupTypeCache (252ms)
			ReleaseScriptCaches (0ms)
			RebuildScriptCaches (40ms)
			SetupLoadedEditorAssemblies (356ms)
				LogAssemblyErrors (0ms)
				InitializePlatformSupportModulesInManaged (4ms)
				SetLoadedEditorAssemblies (0ms)
				RefreshPlugins (0ms)
				BeforeProcessingInitializeOnLoad (68ms)
				ProcessInitializeOnLoadAttributes (276ms)
				ProcessInitializeOnLoadMethodAttributes (4ms)
				AfterProcessingInitializeOnLoad (2ms)
				EditorAssembliesLoaded (0ms)
			ExecutionOrderSort2 (0ms)
			AwakeInstancesAfterBackupRestoration (6ms)
Platform modules already initialized, skipping
========================================================================
Worker process is ready to serve import requests
Launched and connected shader compiler UnityShaderCompiler.exe after 0.06 seconds
Refreshing native plugins compatible for Editor in 0.29 ms, found 2 plugins.
Preloading 0 native plugins for Editor in 0.00 ms.
Unloading 1401 Unused Serialized files (Serialized files now loaded: 0)
System memory in use before: 67.5 MB.
System memory in use after: 67.6 MB.

Unloading 19 unused Assets to reduce memory usage. Loaded Objects now: 1832.
Total: 1.960300 ms (FindLiveObjects: 0.146300 ms CreateObjectMapping: 0.092400 ms MarkObjects: 1.646300 ms  DeleteObjects: 0.074200 ms)

AssetImportParameters requested are different than current active one (requested -> active):
  custom:framework-win-MediaFoundation: 216162199b28c13a410421893ffa2e32 -> 
  custom:video-decoder-ogg-theora: a1e56fd34408186e4bbccfd4996cb3dc -> 
  custom:container-muxer-webm: aa71ff27fc2769a1b78a27578f13a17b -> 
  custom:container-demuxer-webm: 4f35f7cbe854078d1ac9338744f61a02 -> 
  custom:container-demuxer-ogg: 62fdf1f143b41e24485cea50d1cbac27 -> 
  custom:video-encoder-webm-vp8: eb34c28f22e8b96e1ab97ce403110664 -> 
  custom:video-decoder-webm-vp8: 9c59270c3fd7afecdb556c50c9e8de78 -> 
  custom:audio-decoder-ogg-vorbis: bf7c407c2cedff20999df2af8eb42d56 -> 
  custom:audio-encoder-webm-vorbis: bf7c407c2cedff20999df2af8eb42d56 -> 
========================================================================
Received Import Request.
  path: Assets/basket.fbx
  artifactKey: Guid(baa77c668ae64e847bfde4dcc1d29e53) Importer(815301076,1909f56bfc062723c751e8b465ee728b)
Start importing Assets/basket.fbx using Guid(baa77c668ae64e847bfde4dcc1d29e53) Importer(815301076,1909f56bfc062723c751e8b465ee728b)  -> (artifact id: '3618b7f30930b04e1678d475c27e9b52') in 0.382111 seconds 
  Import took 0.384262 seconds .

========================================================================
Received Import Request.
  Time since last request: 0.000416 seconds.
  path: Assets/apple.fbx
  artifactKey: Guid(7a6228b357917794690b3545e25b9c9c) Importer(815301076,1909f56bfc062723c751e8b465ee728b)
Start importing Assets/apple.fbx using Guid(7a6228b357917794690b3545e25b9c9c) Importer(815301076,1909f56bfc062723c751e8b465ee728b)  -> (artifact id: '1e92f26bb56883bf8d52229533b76304') in 0.057170 seconds 
  Import took 0.059392 seconds .

========================================================================
Received Import Request.
  Time since last request: 0.000440 seconds.
  path: Assets/stage.fbx
  artifactKey: Guid(9fddee43df1ba534d851c169b635f446) Importer(815301076,1909f56bfc062723c751e8b465ee728b)
Start importing Assets/stage.fbx using Guid(9fddee43df1ba534d851c169b635f446) Importer(815301076,1909f56bfc062723c751e8b465ee728b)  -> (artifact id: '8400a97fa0efd9c2a9f6eb75e6b1d80f') in 0.029243 seconds 
  Import took 0.031610 seconds .

========================================================================
Received Import Request.
  Time since last request: 0.000380 seconds.
  path: Assets/damage.mp3
  artifactKey: Guid(72cb750a86b5e52448889541362dd554) Importer(815301076,1909f56bfc062723c751e8b465ee728b)
Start importing Assets/damage.mp3 using Guid(72cb750a86b5e52448889541362dd554) Importer(815301076,1909f56bfc062723c751e8b465ee728b)  -> (artifact id: '33fa4a10b1126ee11064b3a187f63dc3') in 0.038613 seconds 
  Import took 0.040894 seconds .

========================================================================
Received Import Request.
  Time since last request: 0.000435 seconds.
  path: Assets/bomb.fbx
  artifactKey: Guid(cc421819ed70a674f8e5e0bf2d609f1d) Importer(815301076,1909f56bfc062723c751e8b465ee728b)
Start importing Assets/bomb.fbx using Guid(cc421819ed70a674f8e5e0bf2d609f1d) Importer(815301076,1909f56bfc062723c751e8b465ee728b)  -> (artifact id: '25756356fbb47249b19a1c182a3c436e') in 0.040842 seconds 
  Import took 0.043071 seconds .

========================================================================
Received Import Request.
  Time since last request: 0.000451 seconds.
  path: Assets/get.mp3
  artifactKey: Guid(919c9b9b583ca274787185f922f9c648) Importer(815301076,1909f56bfc062723c751e8b465ee728b)
Start importing Assets/get.mp3 using Guid(919c9b9b583ca274787185f922f9c648) Importer(815301076,1909f56bfc062723c751e8b465ee728b)  -> (artifact id: 'cef6ac5d7d37c179a1dffbe2ac62675e') in 0.008453 seconds 
  Import took 0.010634 seconds .

AssetImportWorkerClient::OnTransportError - code=2 error=End of file
